<?xml version="1.0" encoding="UTF-8"?>
<testsuite name="it.alexm.dndbot.Test" tests="1" skipped="0" failures="0" errors="0" timestamp="2021-01-17T12:18:09" hostname="MacBook-Pro-di-Alessandro.local" time="0.031">
  <properties/>
  <testcase name="prova2()" classname="it.alexm.dndbot.Test" time="0.031"/>
  <system-out><![CDATA[Lista di file dentro .dndbot/pgs:
DndPg.json
Rorgar.json
]]></system-out>
  <system-err><![CDATA[]]></system-err>
</testsuite>
